<?xml version="1.0" encoding="UTF-8"?>
<!-- Generated by org.testng.reporters.JUnitXMLReporter -->
<testsuite hostname="vvv-HP-Compaq-6200-SFF" ignored="0" name="Surefire test" tests="5" failures="1" timestamp="21 фев 2018 14:10:47 GMT" time="0.285" errors="0">
  <testcase name="testCelsius" time="0.012" classname="TemperatureConverter.ConverterTest"/>
  <testcase name="testFahrenheit" time="0.002" classname="TemperatureConverter.ConverterTest">
    <failure type="java.lang.AssertionError" message="expected [232.8] but found [288.4]">
      <![CDATA[java.lang.AssertionError: expected [232.8] but found [288.4]
at TemperatureConverter.ConverterTest.testFahrenheit(ConverterTest.java:23)
... Removed 35 stack frames]]>
    </failure>
  </testcase> <!-- testFahrenheit -->
  <testcase name="isUniqueLoginTestExisting" time="0.096" classname="PasswordValidation.SignUpTest"/>
  <testcase name="isUniqueLoginTestNotExisting" time="0.001" classname="PasswordValidation.SignUpTest"/>
  <testcase name="testWeightCalculation" time="0.0" classname="BodyMassIndex.BMITest"/>
</testsuite> <!-- Surefire test -->
