<?xml version="1.0" encoding="UTF-8"?>
<!-- Generated by org.testng.reporters.JUnitXMLReporter -->
<testsuite hostname="vvv-HP-Compaq-6200-SFF" ignored="0" name="Nopackage" tests="6" failures="1" timestamp="21 фев 2018 14:22:08 GMT" time="0.16" errors="0">
  <testcase name="testWeightCalculation" time="0.008" classname="BodyMassIndex.BMITest"/>
  <testcase name="testWeightCalculation2" time="0.001" classname="BodyMassIndex.BMITest"/>
  <testcase name="isUniqueLoginTestExisting" time="0.021" classname="PasswordValidation.SignUpTest"/>
  <testcase name="isUniqueLoginTestNotExisting" time="0.001" classname="PasswordValidation.SignUpTest"/>
  <testcase name="testCelsius" time="0.0" classname="TemperatureConverter.ConverterTest"/>
  <testcase name="testFahrenheit" time="0.0" classname="TemperatureConverter.ConverterTest">
    <failure type="java.lang.AssertionError" message="expected [232.8] but found [288.4]">
      <![CDATA[java.lang.AssertionError: expected [232.8] but found [288.4]
at TemperatureConverter.ConverterTest.testFahrenheit(ConverterTest.java:23)
... Removed 34 stack frames]]>
    </failure>
  </testcase> <!-- testFahrenheit -->
</testsuite> <!-- Nopackage -->
